Arguments: 
  /usr/bin/node /mnt/c/Users/leonardodini/AppData/Roaming/npm/node_modules/yarn/bin/yarn.js add @zeit/next-tyyarn add react @types/react react-dom @types/react-dom next @types/next @zeit/next-typescript @zeit/next-sass node-sass

PATH: 
  /usr/local/sbin:/usr/local/bin:/usr/sbin:/usr/bin:/sbin:/bin:/usr/games:/usr/local/games:/mnt/c/Python38/Scripts/:/mnt/c/Python38/:/mnt/c/Windows/system32:/mnt/c/Windows:/mnt/c/Windows/System32/Wbem:/mnt/c/Windows/System32/WindowsPowerShell/v1.0/:/mnt/c/Windows/System32/OpenSSH/:/mnt/c/Program Files/nodejs/:/mnt/c/ProgramData/chocolatey/bin:/mnt/c/Program Files (x86)/Intel/Intel(R) Memory And Storage Tool/:/mnt/c/Program Files/Git/cmd:/mnt/c/Users/leonardodini/AppData/Roaming/npm:/mnt/c/Users/leonardodini/AppData/Local/Programs/Microsoft VS Code/bin:/mnt/c/Users/leonardodini/AppData/Local/hyper/app-3.0.2/resources/bin:/snap/bin

Yarn version: 
  1.22.10

Node version: 
  12.18.4

Platform: 
  linux x64

Trace: 
  Error: https://registry.yarnpkg.com/@zeit%2fnext-tyyarn: Not found
      at Request.params.callback [as _callback] (/mnt/c/Users/leonardodini/AppData/Roaming/npm/node_modules/yarn/lib/cli.js:66988:18)
      at Request.self.callback (/mnt/c/Users/leonardodini/AppData/Roaming/npm/node_modules/yarn/lib/cli.js:140662:22)
      at Request.emit (events.js:315:20)
      at Request.<anonymous> (/mnt/c/Users/leonardodini/AppData/Roaming/npm/node_modules/yarn/lib/cli.js:141634:10)
      at Request.emit (events.js:315:20)
      at IncomingMessage.<anonymous> (/mnt/c/Users/leonardodini/AppData/Roaming/npm/node_modules/yarn/lib/cli.js:141556:12)
      at Object.onceWrapper (events.js:421:28)
      at IncomingMessage.emit (events.js:327:22)
      at endReadableNT (_stream_readable.js:1220:12)
      at processTicksAndRejections (internal/process/task_queues.js:84:21)

npm manifest: 
  {
    "name": "shopcart",
    "version": "1.0.0",
    "main": "index.js",
    "license": "MIT"
  }

yarn manifest: 
  No manifest

Lockfile: 
  No lockfile
